  Bt T13.cpp
C:\CNTT\Chương 4\Chương 4\Bt T13.cpp(59,13): warning C4566: character represented by universal-character-name '\u1EA7' cannot be represented in the current code page (1252)
C:\CNTT\Chương 4\Chương 4\Bt T13.cpp(59,13): warning C4566: character represented by universal-character-name '\u1EED' cannot be represented in the current code page (1252)
C:\CNTT\Chương 4\Chương 4\Bt T13.cpp(59,13): warning C4566: character represented by universal-character-name '\u1EE9' cannot be represented in the current code page (1252)
C:\CNTT\Chương 4\Chương 4\Bt T13.cpp(59,13): warning C4566: character represented by universal-character-name '\u1EE7' cannot be represented in the current code page (1252)
C:\CNTT\Chương 4\Chương 4\Bt T13.cpp(59,13): warning C4566: character represented by universal-character-name '\u1EA5' cannot be represented in the current code page (1252)
C:\CNTT\Chương 4\Chương 4\Bt T13.cpp(59,13): warning C4566: character represented by universal-character-name '\u1ED1' cannot be represented in the current code page (1252)
C:\CNTT\Chương 4\Chương 4\Bt T13.cpp(59,13): warning C4566: character represented by universal-character-name '\u1ED9' cannot be represented in the current code page (1252)
C:\CNTT\Chương 4\Chương 4\Bt T13.cpp(60,13): warning C4566: character represented by universal-character-name '\u1EA7' cannot be represented in the current code page (1252)
C:\CNTT\Chương 4\Chương 4\Bt T13.cpp(60,13): warning C4566: character represented by universal-character-name '\u1EED' cannot be represented in the current code page (1252)
C:\CNTT\Chương 4\Chương 4\Bt T13.cpp(60,13): warning C4566: character represented by universal-character-name '\u1EE9' cannot be represented in the current code page (1252)
C:\CNTT\Chương 4\Chương 4\Bt T13.cpp(60,13): warning C4566: character represented by universal-character-name '\u1EE7' cannot be represented in the current code page (1252)
C:\CNTT\Chương 4\Chương 4\Bt T13.cpp(60,13): warning C4566: character represented by universal-character-name '\u1EA5' cannot be represented in the current code page (1252)
C:\CNTT\Chương 4\Chương 4\Bt T13.cpp(60,13): warning C4566: character represented by universal-character-name '\u1ED1' cannot be represented in the current code page (1252)
C:\CNTT\Chương 4\Chương 4\Bt T13.cpp(54,12): warning C4101: 'a': unreferenced local variable
C:\CNTT\Chương 4\Chương 4\Bt T13.cpp(55,12): warning C4101: 'q': unreferenced local variable
C:\CNTT\Chương 4\Chương 4\Bt T13.cpp(54,9): warning C4101: 'n': unreferenced local variable
C:\CNTT\Chương 4\Chương 4\Bt T13.cpp(54,15): warning C4101: 'r': unreferenced local variable
MSVCRTD.lib(exe_winmain.obj) : error LNK2019: unresolved external symbol _WinMain@16 referenced in function "int __cdecl invoke_main(void)" (?invoke_main@@YAHXZ)
C:\CNTT\Chương 4\Debug\Chương 4.exe : fatal error LNK1120: 1 unresolved externals
